<?xml version="1.0" encoding="UTF-8"?>
<!-- Generated by org.testng.reporters.JUnitReportReporter -->
<testsuite skipped="0" hostname="admin-PC" name="ggg.Testjava" tests="1" failures="0" timestamp="19 Mar 2022 00:58:14 GMT" time="4.267" errors="0">
  <testcase name="loginTest" time="4.267" classname="ggg.Testjava"/>
</testsuite> <!-- ggg.Testjava -->
